<?xml version="1.0" encoding="UTF-8"?>
<!-- Generated by org.testng.reporters.JUnitReportReporter -->
<testsuite hostname="ProSmart-PC" failures="0" tests="1" name="com.pro.rough.BankTest" time="19.687" errors="0" timestamp="2023-04-29T12:53:23 EDT" skipped="0">
  <testcase classname="com.pro.rough.BankTest" name="testBank" time="19.687"/>
  <system-out/>
</testsuite> <!-- com.pro.rough.BankTest -->
