<?xml version="1.0" encoding="UTF-8"?>
<!-- Generated by org.testng.reporters.JUnitReportReporter -->
<testsuite hostname="ProSmart-PC" failures="0" tests="1" name="com.pro.rough.Test" time="15.313" errors="0" timestamp="2023-04-30T15:32:04 EDT" skipped="0">
  <testcase classname="com.pro.rough.Test" name="googleSearchTest" time="15.313"/>
  <system-out/>
</testsuite> <!-- com.pro.rough.Test -->
