<?xml version="1.0" encoding="UTF-8"?>
<!-- Generated by org.testng.reporters.JUnitReportReporter -->
<testsuite hostname="ProSmart-PC" failures="0" tests="1" name="com.pro.testcases.HomePageTest" time="1.573" errors="0" timestamp="2023-05-07T12:51:52 EDT" skipped="0">
  <testcase classname="com.pro.testcases.HomePageTest" name="testBankManagerLogin" time="1.573"/>
  <system-out/>
</testsuite> <!-- com.pro.testcases.HomePageTest -->
