<?xml version="1.0" encoding="UTF-8"?>
<!-- Generated by org.testng.reporters.JUnitReportReporter -->
<testsuite hostname="ProSmart-PC" failures="0" tests="1" name="com.pro.testcases.HomePageTest" time="2.664" errors="0" timestamp="2023-05-06T11:25:07 EDT" skipped="0">
  <testcase classname="com.pro.testcases.HomePageTest" name="testBankManagerLogin" time="2.664"/>
  <system-out/>
</testsuite> <!-- com.pro.testcases.HomePageTest -->
